<?xml version="1.0" encoding="UTF-8"?>
<testsuite name="org.gradle.ThreadpoolTest" tests="1" skipped="0" failures="0" errors="0" timestamp="2014-12-11T20:07:21" hostname="IMACs-iMac.local" time="0.017">
  <properties/>
  <testcase name="test" classname="org.gradle.ThreadpoolTest" time="0.017"/>
  <system-out><![CDATA[]]></system-out>
  <system-err><![CDATA[]]></system-err>
</testsuite>
